<?xml version="1.0" encoding="UTF-8"?>
<testsuite name="TestCalculator" tests="1" skipped="0" failures="0" errors="0" timestamp="2021-06-28T11:07:48" hostname="TECH-DEV14" time="0.015">
  <properties/>
  <testcase name="TestDivide_Bis()" classname="TestCalculator" time="0.015"/>
  <system-out><![CDATA[]]></system-out>
  <system-err><![CDATA[]]></system-err>
</testsuite>
